219
174 994
16 989
-76 984
124 983
-85 982
-82 972
-43 969
-68 960
-93 957
74 953
40 942
-27 941
-66 934
-83 932
-51 931
-99 925
89 923
-67 917
57 914
-50 907
67 901
-54 899
59 898
5 897
23 890
-152 888
36 885
-41 873
-49 868
52 866
34 865
-38 857
-76 856
71 853
63 845
-27 834
59 832
-34 829
11 820
-82 819
63 801
5 793
6 792
-75 789
-19 788
-42 787
81 781
-58 772
19 771
-20 765
-90 764
125 763
24 757
-82 754
-3 752
68 749
-26 744
96 731
-168 729
-59 722
-72 717
15 712
-39 707
2 698
-10 688
-60 687
-30 683
-72 678
-2 677
52 674
29 673
6 671
44 669
97 664
-30 657
59 656
24 645
-40 644
-35 636
15 628
96 621
-50 618
131 617
-51 615
-88 609
-17 608
-32 605
-61 587
11 583
7 571
-8 560
-4 553
15 549
-48 547
1 541
27 539
-79 535
-58 531
-27 526
-6 524
78 518
-40 515
54 512
1 508
74 504
82 501
-82 491
27 480
-54 478
106 472
49 469
-9 468
-38 466
63 461
71 459
2 451
54 448
-48 447
10 446
77 434
-87 431
40 423
-35 422
-86 411
88 410
-78 409
-63 399
14 395
-94 392
77 390
-94 382
-82 380
-5 373
-59 362
-74 356
-34 352
59 350
-34 347
72 345
7 343
84 342
45 334
-17 331
-100 329
11 328
55 327
48 325
-67 318
-5 310
-21 306
39 304
52 302
5 297
72 295
50 294
42 293
-46 287
159 266
-64 264
76 257
52 248
-41 245
44 238
-82 212
-36 211
1 210
-91 196
11 195
28 188
-51 187
-60 179
59 173
5 165
-40 163
73 162
-57 158
-38 157
-74 152
-11 148
-22 146
27 144
-23 142
100 140
-2 139
104 138
96 136
7 135
84 132
34 131
-9 124
93 113
-52 105
-86 99
98 98
-125 92
-31 90
-62 83
15 80
-69 71
-56 57
-71 56
-34 51
-45 45
6 44
52 35
-3 34
68 30
23 29
114 27
40 25
35 22
40 18
36 17
99 16
37 13
-18 10
15 4
108 3
-80 0
