110
141 992
50 981
-2 970
-87 953
-9 951
11 948
-9 947
-14 938
73 932
53 923
55 918
-46 914
-85 905
-93 898
-79 893
-8 891
17 873
98 862
-5 833
70 832
14 830
-80 824
48 817
-93 816
-57 812
-89 809
-61 795
-39 780
-23 749
91 748
-22 746
70 743
-89 737
33 715
-54 713
-35 709
-8 705
-5 700
11 684
14 681
19 671
-53 663
96 662
49 660
72 646
73 643
-98 638
48 626
55 619
-97 582
56 575
6 573
-78 555
-52 543
28 539
-57 536
76 517
37 512
19 504
-86 502
-57 500
79 492
122 488
75 477
-17 464
-11 445
72 440
-57 421
-3 420
5 419
5 393
76 391
13 379
-1 363
-36 361
-13 360
-100 356
-19 345
-57 326
45 325
90 322
-89 319
-36 306
-94 285
43 273
-85 272
-46 270
8 269
-70 260
14 258
21 257
55 256
81 244
32 242
-34 229
51 218
54 166
-18 124
-85 116
25 105
47 100
-32 81
-17 79
69 68
-57 49
82 35
-68 31
-30 27
-79 10
38 3
