145
75 999
1 995
-125 987
-42 978
3 972
-100 965
-17 963
-7 959
15 949
-81 948
-8 947
77 941
10 939
-47 937
19 932
-51 931
14 928
33 921
-60 912
58 908
-23 906
-21 904
64 895
29 884
11 882
18 878
-35 876
20 868
87 854
-18 847
-38 841
-91 840
-20 820
-43 819
-60 817
-74 813
-21 799
97 796
86 786
-52 782
75 768
-53 746
-20 730
36 727
-20 726
24 725
47 719
-10 717
-34 713
90 710
45 691
42 687
92 685
-56 683
20 682
-70 674
-81 667
-179 657
8 651
-47 643
-70 631
-4 624
18 622
76 620
7 603
20 592
-73 583
-96 580
17 578
-62 564
-94 546
-54 545
-15 544
-97 541
-60 527
-67 484
-66 474
95 466
-47 454
-39 451
-47 447
62 445
98 439
94 432
-97 415
-5 413
-100 412
-56 411
7 408
42 406
-5 363
26 359
-78 356
65 347
-23 340
90 338
72 333
36 332
-8 331
5 321
53 320
-15 314
-70 275
62 274
-22 266
27 260
5 257
57 248
-79 244
-23 242
-45 240
-7 235
-99 220
34 217
-93 214
80 201
-6 195
10 191
-24 177
175 175
-26 168
-70 159
-69 152
49 134
-54 126
52 125
1 124
64 123
-92 115
62 114
-79 102
-77 94
99 92
-8 89
25 88
-80 83
-83 78
53 69
-57 61
-12 59
95 54
99 23
5 17
-21 10
-26 9
